<?xml version="1.0" encoding="UTF-8"?>
<testsuites name="TestSuiteOne" time="59.635" tests="2" failures="0" errors="0">
   <testsuite name="TestSuiteOne" tests="2" failures="0" errors="0" time="59.635" skipped="0" timestamp="2023-11-22 15:23:03" hostname="Suhagi - 192.168.1.34" id="Test Suites/TestSuiteOne">
      <properties>
         <property name="deviceName" value=""/>
         <property name="devicePlatform" value=""/>
         <property name="logFolder" value="D:\\Katalon\\TrainingProject\\Reports\\20231122_152255\\TestSuiteOne\\20231122_152256"/>
         <property name="logFiles" value="D:\\Katalon\\TrainingProject\\Reports\\20231122_152255\\TestSuiteOne\\20231122_152256\\execution0.log"/>
         <property name="attachments" value=""/>
         <property name="hostName" value="Suhagi - 192.168.1.34"/>
         <property name="os" value="Windows 10 64bit"/>
         <property name="katalonVersion" value="9.0.0.212"/>
         <property name="browser" value="Chrome 119.0.0.0"/>
         <property name="hostAddress" value="192.168.1.34"/>
         <property name="sessionId" value="1a8e725fc1363aac96483f508f24ae65"/>
         <property name="seleniumVersion" value="3.141.59"/>
         <property name="proxyInformation" value="ProxyInformation { proxyOption=NO_PROXY, proxyServerType=HTTP, username=, password=********, proxyServerAddress=, proxyServerPort=0, executionList=&quot;&quot;, isApplyToDesiredCapabilities=true }"/>
         <property name="platform" value="Windows 10"/>
      </properties>
      <testcase name="Test Cases/Test4_ScriptMode" time="29.593" classname="Test Cases/Test4_ScriptMode" status="PASSED">
         <system-out><![CDATA[2023-11-22 15:23:03 - [TEST_CASE][PASSED] - Test Cases/Test4_ScriptMode: Test Cases/Test4_ScriptMode

2023-11-22 15:23:04 - [TEST_STEP][PASSED] - openBrowser(""): Browser is opened with url: ''

2023-11-22 15:23:04 - [MESSAGE][INFO] - Starting 'Chrome' driver

2023-11-22 15:23:04 - [MESSAGE][INFO] - Action delay is set to 0 milliseconds

2023-11-22 15:23:06 - [MESSAGE][PASSED] - Browser is opened with url: ''

2023-11-22 15:23:06 - [TEST_STEP][PASSED] - navigateToUrl("https://opensource-demo.orangehrmlive.com/web/index.php/auth/login"): Navigate to 'https://opensource-demo.orangehrmlive.com/web/index.php/auth/login' successfully

2023-11-22 15:23:28 - [MESSAGE][PASSED] - Navigate to 'https://opensource-demo.orangehrmlive.com/web/index.php/auth/login' successfully

2023-11-22 15:23:28 - [TEST_STEP][PASSED] - setText(findTestObject("Object Repository/Page_OrangeHRM/input_Username_username"), "Admin"): Text 'Admin' is set on object 'Object Repository/Page_OrangeHRM/input_Username_username'

2023-11-22 15:23:31 - [MESSAGE][PASSED] - Text 'Admin' is set on object 'Object Repository/Page_OrangeHRM/input_Username_username'

2023-11-22 15:23:31 - [TEST_STEP][PASSED] - setText(findTestObject("Object Repository/Page_OrangeHRM/input_Password_password"), "admin123"): Text 'admin123' is set on object 'Object Repository/Page_OrangeHRM/input_Password_password'

2023-11-22 15:23:32 - [MESSAGE][PASSED] - Text 'admin123' is set on object 'Object Repository/Page_OrangeHRM/input_Password_password'

2023-11-22 15:23:32 - [TEST_STEP][PASSED] - click(findTestObject("Object Repository/Page_OrangeHRM/button_Login")): Object: 'Object Repository/Page_OrangeHRM/button_Login' is clicked on

2023-11-22 15:23:33 - [MESSAGE][PASSED] - Object: 'Object Repository/Page_OrangeHRM/button_Login' is clicked on

2023-11-22 15:23:33 - [TEST_STEP][PASSED] - closeBrowser(): Browser is closed

2023-11-22 15:23:33 - [MESSAGE][PASSED] - Browser is closed]]></system-out>
         <system-err><![CDATA[]]></system-err>
      </testcase>
      <testcase name="Test Cases/Test3_manual" time="29.495" classname="Test Cases/Test3_manual" status="PASSED">
         <system-out><![CDATA[2023-11-22 15:23:33 - [TEST_CASE][PASSED] - Test Cases/Test3_manual: Test Cases/Test3_manual

2023-11-22 15:23:33 - [TEST_STEP][PASSED] - openBrowser(""): Browser is opened with url: ''

2023-11-22 15:23:33 - [MESSAGE][INFO] - Starting 'Chrome' driver

2023-11-22 15:23:33 - [MESSAGE][INFO] - Action delay is set to 0 milliseconds

2023-11-22 15:23:34 - [MESSAGE][PASSED] - Browser is opened with url: ''

2023-11-22 15:23:34 - [TEST_STEP][PASSED] - navigateToUrl("https://opensource-demo.orangehrmlive.com/web/index.php/auth/login"): Navigate to 'https://opensource-demo.orangehrmlive.com/web/index.php/auth/login' successfully

2023-11-22 15:23:56 - [MESSAGE][PASSED] - Navigate to 'https://opensource-demo.orangehrmlive.com/web/index.php/auth/login' successfully

2023-11-22 15:23:56 - [TEST_STEP][PASSED] - setText(findTestObject("Page_OrangeHRM/input_Username_username"), "Admin"): Text 'Admin' is set on object 'Object Repository/Page_OrangeHRM/input_Username_username'

2023-11-22 15:23:58 - [MESSAGE][PASSED] - Text 'Admin' is set on object 'Object Repository/Page_OrangeHRM/input_Username_username'

2023-11-22 15:23:58 - [TEST_STEP][PASSED] - setText(findTestObject("Page_OrangeHRM/input_Password_password"), "admin123"): Text 'admin123' is set on object 'Object Repository/Page_OrangeHRM/input_Password_password'

2023-11-22 15:23:59 - [MESSAGE][PASSED] - Text 'admin123' is set on object 'Object Repository/Page_OrangeHRM/input_Password_password'

2023-11-22 15:23:59 - [TEST_STEP][PASSED] - click(findTestObject("Page_OrangeHRM/button_Login")): Object: 'Object Repository/Page_OrangeHRM/button_Login' is clicked on

2023-11-22 15:24:00 - [MESSAGE][PASSED] - Object: 'Object Repository/Page_OrangeHRM/button_Login' is clicked on

2023-11-22 15:24:00 - [TEST_STEP][PASSED] - delay(2): Delayed 2 second(s)

2023-11-22 15:24:02 - [MESSAGE][PASSED] - Delayed 2 second(s)

2023-11-22 15:24:02 - [TEST_STEP][PASSED] - closeBrowser(): Browser is closed

2023-11-22 15:24:02 - [MESSAGE][PASSED] - Browser is closed]]></system-out>
         <system-err><![CDATA[]]></system-err>
      </testcase>
      <system-out><![CDATA[2023-11-22 15:23:03 - [TEST_SUITE][PASSED] - TestSuiteOne: Test Cases/Test3_manual]]></system-out>
      <system-err><![CDATA[]]></system-err>
   </testsuite>
</testsuites>
