<?xml version="1.0" encoding="UTF-8"?>
<testsuites name="TestSuiteOne" time="60.466" tests="2" failures="0" errors="0">
   <testsuite name="TestSuiteOne" tests="2" failures="0" errors="0" time="60.466" skipped="0" timestamp="2023-11-22 15:29:52" hostname="Suhagi - 192.168.1.34" id="Test Suites/TestSuiteOne">
      <properties>
         <property name="deviceName" value=""/>
         <property name="devicePlatform" value=""/>
         <property name="logFolder" value="D:\\Katalon\\TrainingProject\\Reports\\20231122_152941\\TestSuiteOne\\20231122_152942"/>
         <property name="logFiles" value="D:\\Katalon\\TrainingProject\\Reports\\20231122_152941\\TestSuiteOne\\20231122_152942\\execution0.log"/>
         <property name="attachments" value=""/>
         <property name="hostName" value="Suhagi - 192.168.1.34"/>
         <property name="os" value="Windows 10 64bit"/>
         <property name="katalonVersion" value="9.0.0.212"/>
         <property name="browser" value="Chrome 119.0.0.0"/>
         <property name="hostAddress" value="192.168.1.34"/>
         <property name="sessionId" value="8d163641cc9e9101acd38d744f655477"/>
         <property name="seleniumVersion" value="3.141.59"/>
         <property name="proxyInformation" value="ProxyInformation { proxyOption=NO_PROXY, proxyServerType=HTTP, username=, password=********, proxyServerAddress=, proxyServerPort=0, executionList=&quot;&quot;, isApplyToDesiredCapabilities=true }"/>
         <property name="platform" value="Windows 10"/>
      </properties>
      <testcase name="Test Cases/Test4_ScriptMode" time="34.594" classname="Test Cases/Test4_ScriptMode" status="PASSED">
         <system-out><![CDATA[2023-11-22 15:29:53 - [TEST_CASE][PASSED] - Test Cases/Test4_ScriptMode: Test Cases/Test4_ScriptMode

2023-11-22 15:29:54 - [TEST_STEP][PASSED] - openBrowser(""): Browser is opened with url: ''

2023-11-22 15:29:54 - [MESSAGE][INFO] - Starting 'Chrome' driver

2023-11-22 15:29:54 - [MESSAGE][INFO] - Action delay is set to 0 milliseconds

2023-11-22 15:29:56 - [MESSAGE][PASSED] - Browser is opened with url: ''

2023-11-22 15:29:56 - [TEST_STEP][PASSED] - navigateToUrl("https://opensource-demo.orangehrmlive.com/web/index.php/auth/login"): Navigate to 'https://opensource-demo.orangehrmlive.com/web/index.php/auth/login' successfully

2023-11-22 15:30:21 - [MESSAGE][PASSED] - Navigate to 'https://opensource-demo.orangehrmlive.com/web/index.php/auth/login' successfully

2023-11-22 15:30:21 - [TEST_STEP][PASSED] - setText(findTestObject("Object Repository/Page_OrangeHRM/input_Username_username"), "Admin"): Text 'Admin' is set on object 'Object Repository/Page_OrangeHRM/input_Username_username'

2023-11-22 15:30:25 - [MESSAGE][PASSED] - Text 'Admin' is set on object 'Object Repository/Page_OrangeHRM/input_Username_username'

2023-11-22 15:30:25 - [TEST_STEP][PASSED] - setText(findTestObject("Object Repository/Page_OrangeHRM/input_Password_password"), "admin123"): Text 'admin123' is set on object 'Object Repository/Page_OrangeHRM/input_Password_password'

2023-11-22 15:30:26 - [MESSAGE][PASSED] - Text 'admin123' is set on object 'Object Repository/Page_OrangeHRM/input_Password_password'

2023-11-22 15:30:26 - [TEST_STEP][PASSED] - click(findTestObject("Object Repository/Page_OrangeHRM/button_Login")): Object: 'Object Repository/Page_OrangeHRM/button_Login' is clicked on

2023-11-22 15:30:27 - [MESSAGE][PASSED] - Object: 'Object Repository/Page_OrangeHRM/button_Login' is clicked on

2023-11-22 15:30:27 - [TEST_STEP][PASSED] - closeBrowser(): Browser is closed

2023-11-22 15:30:27 - [MESSAGE][PASSED] - Browser is closed]]></system-out>
         <system-err><![CDATA[]]></system-err>
      </testcase>
      <testcase name="Test Cases/Test3_manual" time="25.533" classname="Test Cases/Test3_manual" status="PASSED">
         <system-out><![CDATA[2023-11-22 15:30:27 - [TEST_CASE][PASSED] - Test Cases/Test3_manual: Test Cases/Test3_manual

2023-11-22 15:30:28 - [TEST_STEP][PASSED] - openBrowser(""): Browser is opened with url: ''

2023-11-22 15:30:28 - [MESSAGE][INFO] - Starting 'Chrome' driver

2023-11-22 15:30:28 - [MESSAGE][INFO] - Action delay is set to 0 milliseconds

2023-11-22 15:30:29 - [MESSAGE][PASSED] - Browser is opened with url: ''

2023-11-22 15:30:29 - [TEST_STEP][PASSED] - navigateToUrl("https://opensource-demo.orangehrmlive.com/web/index.php/auth/login"): Navigate to 'https://opensource-demo.orangehrmlive.com/web/index.php/auth/login' successfully

2023-11-22 15:30:46 - [MESSAGE][PASSED] - Navigate to 'https://opensource-demo.orangehrmlive.com/web/index.php/auth/login' successfully

2023-11-22 15:30:46 - [TEST_STEP][PASSED] - setText(findTestObject("Page_OrangeHRM/input_Username_username"), "Admin"): Text 'Admin' is set on object 'Object Repository/Page_OrangeHRM/input_Username_username'

2023-11-22 15:30:48 - [MESSAGE][PASSED] - Text 'Admin' is set on object 'Object Repository/Page_OrangeHRM/input_Username_username'

2023-11-22 15:30:48 - [TEST_STEP][PASSED] - setText(findTestObject("Page_OrangeHRM/input_Password_password"), "admin123"): Text 'admin123' is set on object 'Object Repository/Page_OrangeHRM/input_Password_password'

2023-11-22 15:30:49 - [MESSAGE][PASSED] - Text 'admin123' is set on object 'Object Repository/Page_OrangeHRM/input_Password_password'

2023-11-22 15:30:49 - [TEST_STEP][PASSED] - click(findTestObject("Page_OrangeHRM/button_Login")): Object: 'Object Repository/Page_OrangeHRM/button_Login' is clicked on

2023-11-22 15:30:51 - [MESSAGE][PASSED] - Object: 'Object Repository/Page_OrangeHRM/button_Login' is clicked on

2023-11-22 15:30:51 - [TEST_STEP][PASSED] - delay(2): Delayed 2 second(s)

2023-11-22 15:30:53 - [MESSAGE][PASSED] - Delayed 2 second(s)

2023-11-22 15:30:53 - [TEST_STEP][PASSED] - closeBrowser(): Browser is closed

2023-11-22 15:30:53 - [MESSAGE][PASSED] - Browser is closed]]></system-out>
         <system-err><![CDATA[]]></system-err>
      </testcase>
      <system-out><![CDATA[2023-11-22 15:29:52 - [TEST_SUITE][PASSED] - TestSuiteOne: Test Cases/Test3_manual]]></system-out>
      <system-err><![CDATA[]]></system-err>
   </testsuite>
</testsuites>
